2016/04/13 13:43:36 [error] [system.db.CDbCommand] CDbCommand::fetch() failed: SQLSTATE[42S02]: Base table or view not found: 1146 Table 'linxbooks.YiiSession' doesn't exist. The SQL statement executed was: SELECT *
FROM `YiiSession`
WHERE id=:id.
2016/04/13 13:43:36 [error] [exception.CDbException] exception 'CDbException' with message 'CDbCommand failed to execute the SQL statement: SQLSTATE[42S02]: Base table or view not found: 1146 Table 'linxbooks.YiiSession' doesn't exist' in /projects/linxbooks/linxbooks/protected/vendor/yiisoft/yii/framework/db/CDbCommand.php:543
Stack trace:
#0 /projects/linxbooks/linxbooks/protected/vendor/yiisoft/yii/framework/db/CDbCommand.php(415): CDbCommand->queryInternal('fetch', Array, Array)
#1 /projects/linxbooks/linxbooks/protected/vendor/yiisoft/yii/framework/web/CDbHttpSession.php(110): CDbCommand->queryRow()
#2 /projects/linxbooks/linxbooks/protected/vendor/yiisoft/yii/framework/web/auth/CWebUser.php(715): CDbHttpSession->regenerateID(true)
#3 /projects/linxbooks/linxbooks/protected/vendor/yiisoft/yii/framework/web/auth/CWebUser.php(233): CWebUser->changeIdentity('1', 'sam@mousa.nl', Array)
#4 /projects/linxbooks/linxbooks/protected/models/LoginForm.php(74): CWebUser->login(Object(UserIdentity), 2592000)
#5 /projects/linxbooks/linxbooks/protected/controllers/SiteController.php(173): LoginForm->login()
#6 /projects/linxbooks/linxbooks/protected/vendor/yiisoft/yii/framework/web/actions/CInlineAction.php(49): SiteController->actionLogin()
#7 /projects/linxbooks/linxbooks/protected/vendor/yiisoft/yii/framework/web/CController.php(308): CInlineAction->runWithParams(Array)
#8 /projects/linxbooks/linxbooks/protected/vendor/yiisoft/yii/framework/web/CController.php(286): CController->runAction(Object(CInlineAction))
#9 /projects/linxbooks/linxbooks/protected/vendor/yiisoft/yii/framework/web/CController.php(265): CController->runActionWithFilters(Object(CInlineAction), Array)
#10 /projects/linxbooks/linxbooks/protected/vendor/yiisoft/yii/framework/web/CWebApplication.php(282): CController->run('login')
#11 /projects/linxbooks/linxbooks/protected/vendor/yiisoft/yii/framework/web/CWebApplication.php(141): CWebApplication->runController('site/login')
#12 /projects/linxbooks/linxbooks/protected/vendor/yiisoft/yii/framework/base/CApplication.php(180): CWebApplication->processRequest()
#13 /projects/linxbooks/linxbooks/entry.php(43): CApplication->run()
#14 /projects/linxbooks/public/index.php(3): require_once('/projects/linxb...')
#15 {main}
REQUEST_URI=/index.php/site/login
HTTP_REFERER=http://linxbooks.sam/index.php/site/login
---
2016/04/13 13:43:36 [error] [exception.CHttpException.404] exception 'CHttpException' with message 'Unable to resolve the request "img/glyphicons-halflings.png".' in /projects/linxbooks/linxbooks/protected/vendor/yiisoft/yii/framework/web/CWebApplication.php:286
Stack trace:
#0 /projects/linxbooks/linxbooks/protected/vendor/yiisoft/yii/framework/web/CWebApplication.php(141): CWebApplication->runController('img/glyphicons-...')
#1 /projects/linxbooks/linxbooks/protected/vendor/yiisoft/yii/framework/base/CApplication.php(180): CWebApplication->processRequest()
#2 /projects/linxbooks/linxbooks/entry.php(43): CApplication->run()
#3 /projects/linxbooks/public/index.php(3): require_once('/projects/linxb...')
#4 {main}
REQUEST_URI=/img/glyphicons-halflings.png
HTTP_REFERER=http://linxbooks.sam/css/bootstrap.min.css
---
2016/04/13 13:52:49 [error] [system.db.CDbCommand] CDbCommand::fetch() failed: SQLSTATE[42S02]: Base table or view not found: 1146 Table 'linxbooks.YiiSession' doesn't exist. The SQL statement executed was: SELECT *
FROM `YiiSession`
WHERE id=:id.
2016/04/13 13:52:49 [error] [exception.CDbException] exception 'CDbException' with message 'CDbCommand failed to execute the SQL statement: SQLSTATE[42S02]: Base table or view not found: 1146 Table 'linxbooks.YiiSession' doesn't exist' in /projects/linxbooks/linxbooks/protected/vendor/yiisoft/yii/framework/db/CDbCommand.php:543
Stack trace:
#0 /projects/linxbooks/linxbooks/protected/vendor/yiisoft/yii/framework/db/CDbCommand.php(415): CDbCommand->queryInternal('fetch', Array, Array)
#1 /projects/linxbooks/linxbooks/protected/vendor/yiisoft/yii/framework/web/CDbHttpSession.php(110): CDbCommand->queryRow()
#2 /projects/linxbooks/linxbooks/protected/vendor/yiisoft/yii/framework/web/auth/CWebUser.php(715): CDbHttpSession->regenerateID(true)
#3 /projects/linxbooks/linxbooks/protected/vendor/yiisoft/yii/framework/web/auth/CWebUser.php(233): CWebUser->changeIdentity('1', 'sam@mousa.nl', Array)
#4 /projects/linxbooks/linxbooks/protected/models/LoginForm.php(74): CWebUser->login(Object(UserIdentity), 2592000)
#5 /projects/linxbooks/linxbooks/protected/controllers/SiteController.php(173): LoginForm->login()
#6 /projects/linxbooks/linxbooks/protected/vendor/yiisoft/yii/framework/web/actions/CInlineAction.php(49): SiteController->actionLogin()
#7 /projects/linxbooks/linxbooks/protected/vendor/yiisoft/yii/framework/web/CController.php(308): CInlineAction->runWithParams(Array)
#8 /projects/linxbooks/linxbooks/protected/vendor/yiisoft/yii/framework/web/CController.php(286): CController->runAction(Object(CInlineAction))
#9 /projects/linxbooks/linxbooks/protected/vendor/yiisoft/yii/framework/web/CController.php(265): CController->runActionWithFilters(Object(CInlineAction), Array)
#10 /projects/linxbooks/linxbooks/protected/vendor/yiisoft/yii/framework/web/CWebApplication.php(282): CController->run('login')
#11 /projects/linxbooks/linxbooks/protected/vendor/yiisoft/yii/framework/web/CWebApplication.php(141): CWebApplication->runController('site/login')
#12 /projects/linxbooks/linxbooks/protected/vendor/yiisoft/yii/framework/base/CApplication.php(180): CWebApplication->processRequest()
#13 /projects/linxbooks/linxbooks/entry.php(43): CApplication->run()
#14 /projects/linxbooks/public/index.php(3): require_once('/projects/linxb...')
#15 {main}
REQUEST_URI=/index.php/site/login
HTTP_REFERER=http://linxbooks.sam/index.php/site/login
---
2016/04/13 13:52:49 [error] [exception.CHttpException.404] exception 'CHttpException' with message 'Unable to resolve the request "img/glyphicons-halflings.png".' in /projects/linxbooks/linxbooks/protected/vendor/yiisoft/yii/framework/web/CWebApplication.php:286
Stack trace:
#0 /projects/linxbooks/linxbooks/protected/vendor/yiisoft/yii/framework/web/CWebApplication.php(141): CWebApplication->runController('img/glyphicons-...')
#1 /projects/linxbooks/linxbooks/protected/vendor/yiisoft/yii/framework/base/CApplication.php(180): CWebApplication->processRequest()
#2 /projects/linxbooks/linxbooks/entry.php(43): CApplication->run()
#3 /projects/linxbooks/public/index.php(3): require_once('/projects/linxb...')
#4 {main}
REQUEST_URI=/img/glyphicons-halflings.png
HTTP_REFERER=http://linxbooks.sam/css/bootstrap.min.css
---
2016/04/13 13:52:59 [error] [system.db.CDbCommand] CDbCommand::fetch() failed: SQLSTATE[42S02]: Base table or view not found: 1146 Table 'linxbooks.YiiSession' doesn't exist. The SQL statement executed was: SELECT *
FROM `YiiSession`
WHERE id=:id.
2016/04/13 13:52:59 [error] [exception.CDbException] exception 'CDbException' with message 'CDbCommand failed to execute the SQL statement: SQLSTATE[42S02]: Base table or view not found: 1146 Table 'linxbooks.YiiSession' doesn't exist' in /projects/linxbooks/linxbooks/protected/vendor/yiisoft/yii/framework/db/CDbCommand.php:543
Stack trace:
#0 /projects/linxbooks/linxbooks/protected/vendor/yiisoft/yii/framework/db/CDbCommand.php(415): CDbCommand->queryInternal('fetch', Array, Array)
#1 /projects/linxbooks/linxbooks/protected/vendor/yiisoft/yii/framework/web/CDbHttpSession.php(110): CDbCommand->queryRow()
#2 /projects/linxbooks/linxbooks/protected/vendor/yiisoft/yii/framework/web/auth/CWebUser.php(715): CDbHttpSession->regenerateID(true)
#3 /projects/linxbooks/linxbooks/protected/vendor/yiisoft/yii/framework/web/auth/CWebUser.php(233): CWebUser->changeIdentity('1', 'sam@mousa.nl', Array)
#4 /projects/linxbooks/linxbooks/protected/models/LoginForm.php(74): CWebUser->login(Object(UserIdentity), 2592000)
#5 /projects/linxbooks/linxbooks/protected/controllers/SiteController.php(173): LoginForm->login()
#6 /projects/linxbooks/linxbooks/protected/vendor/yiisoft/yii/framework/web/actions/CInlineAction.php(49): SiteController->actionLogin()
#7 /projects/linxbooks/linxbooks/protected/vendor/yiisoft/yii/framework/web/CController.php(308): CInlineAction->runWithParams(Array)
#8 /projects/linxbooks/linxbooks/protected/vendor/yiisoft/yii/framework/web/CController.php(286): CController->runAction(Object(CInlineAction))
#9 /projects/linxbooks/linxbooks/protected/vendor/yiisoft/yii/framework/web/CController.php(265): CController->runActionWithFilters(Object(CInlineAction), Array)
#10 /projects/linxbooks/linxbooks/protected/vendor/yiisoft/yii/framework/web/CWebApplication.php(282): CController->run('login')
#11 /projects/linxbooks/linxbooks/protected/vendor/yiisoft/yii/framework/web/CWebApplication.php(141): CWebApplication->runController('site/login')
#12 /projects/linxbooks/linxbooks/protected/vendor/yiisoft/yii/framework/base/CApplication.php(180): CWebApplication->processRequest()
#13 /projects/linxbooks/linxbooks/entry.php(43): CApplication->run()
#14 /projects/linxbooks/public/index.php(3): require_once('/projects/linxb...')
#15 {main}
REQUEST_URI=/index.php/site/login
HTTP_REFERER=http://linxbooks.sam/index.php/site/login
---
2016/04/13 13:53:00 [error] [exception.CHttpException.404] exception 'CHttpException' with message 'Unable to resolve the request "img/glyphicons-halflings.png".' in /projects/linxbooks/linxbooks/protected/vendor/yiisoft/yii/framework/web/CWebApplication.php:286
Stack trace:
#0 /projects/linxbooks/linxbooks/protected/vendor/yiisoft/yii/framework/web/CWebApplication.php(141): CWebApplication->runController('img/glyphicons-...')
#1 /projects/linxbooks/linxbooks/protected/vendor/yiisoft/yii/framework/base/CApplication.php(180): CWebApplication->processRequest()
#2 /projects/linxbooks/linxbooks/entry.php(43): CApplication->run()
#3 /projects/linxbooks/public/index.php(3): require_once('/projects/linxb...')
#4 {main}
REQUEST_URI=/img/glyphicons-halflings.png
HTTP_REFERER=http://linxbooks.sam/css/bootstrap.min.css
---
2016/04/13 14:00:17 [error] [php] Undefined variable: result (/projects/linxbooks/linxbooks/protected/vendor/yiisoft/yii/framework/web/CHttpSession.php:117)
Stack trace:
#0 /projects/linxbooks/linxbooks/protected/vendor/yiisoft/yii/framework/web/CWebApplication.php(201): CWebApplication->getComponent()
#1 /projects/linxbooks/linxbooks/protected/vendor/yiisoft/yii/framework/web/auth/CWebUser.php(199): CWebApplication->getSession()
#2 /projects/linxbooks/linxbooks/protected/vendor/yiisoft/yii/framework/base/CModule.php(387): WebUser->init()
#3 /projects/linxbooks/linxbooks/protected/vendor/yiisoft/yii/framework/base/CModule.php(103): CWebApplication->getComponent()
#4 /projects/linxbooks/linxbooks/protected/controllers/SiteController.php(181): CWebApplication->__get()
#5 /projects/linxbooks/linxbooks/protected/vendor/yiisoft/yii/framework/web/actions/CInlineAction.php(49): SiteController->actionLogin()
#6 /projects/linxbooks/linxbooks/protected/vendor/yiisoft/yii/framework/web/CController.php(308): CInlineAction->runWithParams()
#7 /projects/linxbooks/linxbooks/protected/vendor/yiisoft/yii/framework/web/CController.php(286): SiteController->runAction()
#8 /projects/linxbooks/linxbooks/protected/vendor/yiisoft/yii/framework/web/CController.php(265): SiteController->runActionWithFilters()
#9 /projects/linxbooks/linxbooks/protected/vendor/yiisoft/yii/framework/web/CWebApplication.php(282): SiteController->run()
#10 /projects/linxbooks/linxbooks/protected/vendor/yiisoft/yii/framework/web/CWebApplication.php(141): CWebApplication->runController()
#11 /projects/linxbooks/linxbooks/protected/vendor/yiisoft/yii/framework/base/CApplication.php(180): CWebApplication->processRequest()
#12 /projects/linxbooks/linxbooks/entry.php(43): CWebApplication->run()
#13 /projects/linxbooks/public/index.php(3): require_once()
REQUEST_URI=/index.php/site/login
2016/04/13 14:02:48 [error] [system.db.CDbCommand] CDbCommand::fetch() failed: SQLSTATE[42S02]: Base table or view not found: 1146 Table 'linxbooks.YiiSession' doesn't exist. The SQL statement executed was: SELECT *
FROM `YiiSession`
WHERE id=:id.
2016/04/13 14:02:48 [error] [exception.CDbException] exception 'CDbException' with message 'CDbCommand failed to execute the SQL statement: SQLSTATE[42S02]: Base table or view not found: 1146 Table 'linxbooks.YiiSession' doesn't exist' in /projects/linxbooks/linxbooks/protected/vendor/yiisoft/yii/framework/db/CDbCommand.php:543
Stack trace:
#0 /projects/linxbooks/linxbooks/protected/vendor/yiisoft/yii/framework/db/CDbCommand.php(415): CDbCommand->queryInternal('fetch', Array, Array)
#1 /projects/linxbooks/linxbooks/protected/vendor/yiisoft/yii/framework/web/CDbHttpSession.php(110): CDbCommand->queryRow()
#2 /projects/linxbooks/linxbooks/protected/vendor/yiisoft/yii/framework/web/auth/CWebUser.php(715): CDbHttpSession->regenerateID(true)
#3 /projects/linxbooks/linxbooks/protected/vendor/yiisoft/yii/framework/web/auth/CWebUser.php(233): CWebUser->changeIdentity('1', 'sam@mousa.nl', Array)
#4 /projects/linxbooks/linxbooks/protected/models/LoginForm.php(74): CWebUser->login(Object(UserIdentity), 2592000)
#5 /projects/linxbooks/linxbooks/protected/controllers/SiteController.php(173): LoginForm->login()
#6 /projects/linxbooks/linxbooks/protected/vendor/yiisoft/yii/framework/web/actions/CInlineAction.php(49): SiteController->actionLogin()
#7 /projects/linxbooks/linxbooks/protected/vendor/yiisoft/yii/framework/web/CController.php(308): CInlineAction->runWithParams(Array)
#8 /projects/linxbooks/linxbooks/protected/vendor/yiisoft/yii/framework/web/CController.php(286): CController->runAction(Object(CInlineAction))
#9 /projects/linxbooks/linxbooks/protected/vendor/yiisoft/yii/framework/web/CController.php(265): CController->runActionWithFilters(Object(CInlineAction), Array)
#10 /projects/linxbooks/linxbooks/protected/vendor/yiisoft/yii/framework/web/CWebApplication.php(282): CController->run('login')
#11 /projects/linxbooks/linxbooks/protected/vendor/yiisoft/yii/framework/web/CWebApplication.php(141): CWebApplication->runController('site/login')
#12 /projects/linxbooks/linxbooks/protected/vendor/yiisoft/yii/framework/base/CApplication.php(180): CWebApplication->processRequest()
#13 /projects/linxbooks/linxbooks/entry.php(43): CApplication->run()
#14 /projects/linxbooks/public/index.php(3): require_once('/projects/linxb...')
#15 {main}
REQUEST_URI=/index.php/site/login
HTTP_REFERER=http://linxbooks.sam/index.php/site/login
---
2016/04/13 14:02:48 [error] [exception.CHttpException.404] exception 'CHttpException' with message 'Unable to resolve the request "img/glyphicons-halflings.png".' in /projects/linxbooks/linxbooks/protected/vendor/yiisoft/yii/framework/web/CWebApplication.php:286
Stack trace:
#0 /projects/linxbooks/linxbooks/protected/vendor/yiisoft/yii/framework/web/CWebApplication.php(141): CWebApplication->runController('img/glyphicons-...')
#1 /projects/linxbooks/linxbooks/protected/vendor/yiisoft/yii/framework/base/CApplication.php(180): CWebApplication->processRequest()
#2 /projects/linxbooks/linxbooks/entry.php(43): CApplication->run()
#3 /projects/linxbooks/public/index.php(3): require_once('/projects/linxb...')
#4 {main}
REQUEST_URI=/img/glyphicons-halflings.png
HTTP_REFERER=http://linxbooks.sam/css/bootstrap.min.css
---
2016/04/13 14:09:34 [error] [system.db.CDbCommand] CDbCommand::execute() failed: SQLSTATE[42S02]: Base table or view not found: 1146 Table 'linxbooks.YiiSession' doesn't exist. The SQL statement executed was: DELETE FROM `YiiSession` WHERE expire<:expire.
2016/04/13 14:09:47 [error] [exception.CHttpException.404] exception 'CHttpException' with message 'Unable to resolve the request "img/glyphicons-halflings.png".' in /projects/linxbooks/linxbooks/protected/vendor/yiisoft/yii/framework/web/CWebApplication.php:286
Stack trace:
#0 /projects/linxbooks/linxbooks/protected/vendor/yiisoft/yii/framework/web/CWebApplication.php(141): CWebApplication->runController('img/glyphicons-...')
#1 /projects/linxbooks/linxbooks/protected/vendor/yiisoft/yii/framework/base/CApplication.php(180): CWebApplication->processRequest()
#2 /projects/linxbooks/linxbooks/entry.php(44): CApplication->run()
#3 /projects/linxbooks/public/index.php(3): require_once('/projects/linxb...')
#4 {main}
REQUEST_URI=/img/glyphicons-halflings.png
HTTP_REFERER=http://linxbooks.sam/css/bootstrap.min.css
---
